3691234682 4493639428 3251511498 5208547388 4719725882
3635316061 3702583147 6686416575 5103564300 8294431335
4951209975 5471272641 3918352759 8027159367 9585690950
3984858127 5081367868 5631556797 4481398155 9389351252
7338184601 5858221573 5656436611 9091844600 7683846591
3609607994 7826140209 6320435290 7895372968 9345375834
4865719112 5574679056 8674602958 8581341467 9664276873
3010619730 5475111683 7982518476 8691526235 9563081362
5043843837 3058927181 5648186718 8509864587 9251767203
3619938780 5656157866 5240506988 8068596383 8528538812
3590252753 3671550061 7132904320 6303627800 8792004266
6299912658 7354923163 3898781151 7993142992 7600171996
4760228740 9603659779 7369430561 5396701248 8973516377
3218466198 8729742492 9679819482 8434492031 5706645590
3243403401 4658415656 9510615406 9706556166 9175339789
3431294147 4179875581 8101596018 9760752593 9987273725
3163510695 5807341294 6317734183 8569423340 9972495499
3412828659 5615196761 7449374309 7661774740 9630204318
4785868323 3906131812 6580432066 8845512648 8615684779
3764063487 7814168772 7262587686 8040392563 9423382078
4692792285 5395983606 8195513195 8409970940 8522691891
3822508291 5587436883 7366107538 8889877410 9555020810
5600120633 5376677176 6715741204 8601962941 9974673451
3816737534 6835416676 7914031790 7316474113 9925734805
3505694272 5188547982 7397098084 9009776453 9905073687
3191243863 3526761710 6441375645 8590240027 9027290276
4977722680 3908584287 3753248365 9007036347 9653552203
4554299763 4989234441 6724907611 5332785957 9064508692
3220199849 5686304065 6941243637 7441561325 9217451464
3015428693 3458353654 5953045265 6987882481 9785057029
5278816400 5174103051 3481159268 6465752460 9645983264
6310833633 6018249167 6292770880 8479770856 9074844183
5580488443 6400536914 6816425266 8135578162 8748426658
4709522906 5850217396 7405028164 7700182122 9161915585
3303668252 6694380565 5967387468 8569892690 7802403015
4467711302 6568323258 8192707999 8055526986 9143731164
4751998760 5218767359 6681047493 8664161300 8136482954
3688497635 4844904933 5621977690 8327545061 9513254379
3171082942 7067323716 5492548884 8570218931 8577491488
3901393490 3231974232 8684401480 6000036471 9057931096
3167881001 4204702472 4878187704 8767896684 8642914230
3295105083 3879839083 5251956054 6861556829 8974974262
3662588478 4468267421 4912695594 6053016983 7072786234
3665848074 5646407765 4744133025 8287765129 8561930514
3997186920 5434160436 5846397092 7161789493 8469289904
3601961323 5595861559 8315615683 8594128057 7297393702
3026809867 3932919894 5599782349 8620133406 9884089228
3095913933 5828753115 6253454219 5761181429 8712802967
4802701370 3967814679 7741692134 7814394572 8833208139
5476006081 5395230796 5884464071 8944802073 8215154427
3605397567 5979118733 5961220818 8240087809 9752381161
3021932159 6754255484 6110349215 8313123638 8648368146
3435281930 4466906446 8964058812 6526424863 8327227675
3978902591 4347581180 5300464906 8975456952 7602039762
3806988461 5080023692 4868962787 5782640641 9005946243
3819547149 6419564754 6389338210 6044603139 9795141934
3227903751 3944761153 7294144243 6985993921 8394705091
4515086323 4333228005 7170305159 8743907102 7049037760
3107874873 5207335014 5233739776 7989257541 9649993726
3862243778 3712815721 5339515221 6927862467 9196764662
3583132420 4548162017 4172124213 5345852209 7154344488
4057496261 5036494873 5886428903 5509527207 9369449956
4350983214 6023073992 5291627546 7772906330 5722827304
4217263060 4383487907 7609566355 6950349778 9660650289
4491668069 5625443022 7833320110 8051508019 7697227362
3346957599 4843572866 8589887741 7995204775 8961949200
3240165253 4952131718 9146276082 8899861621 8069367762
3111905193 4639971649 4975475322 9592455569 9487879904
3135246404 6446492772 5426923098 5193618189 9835788887
5298902806 5465162461 7137378191 5905316864 6602655007
5589433407 7070372400 6516336228 7998255437 8229280040
4278607756 6736739118 7400112975 7147157325 9534148305
3436627280 5336220087 7690532601 8006346307 7314410584
3686037473 4212856739 6846623734 7759939130 8169963528
4836226312 5397820786 4994669063 8063913255 8576469875
5971955016 5799706243 6227705305 6380811055 8905352026
3327351538 7826652836 7174863532 8569195966 6914587384
4578870859 3667963365 9159444722 8860966767 9966627799
4743740204 5761774325 4481024775 9219308805 9313232431
3618538273 4978043444 6919144358 4905423008 9818783996
3913098816 4384888384 6651277227 7793120816 5240008711
3079814882 5070293102 4935241961 9060531836 9006373164
5262429544 7467086082 5628095479 6814687705 9898645124
3784208212 8111457469 7538861736 6323411845 9481628002
5279233947 4063958193 8584284117 9319322358 9683896608
4001975364 6929525573 5519371454 9349341991 9872343253
5130784493 4530235345 7586435193 6452912509 9591445201
3716870653 5544976449 5601651229 7729253964 9218928732
3309023155 5886543115 7046566400 8812529707 9632958558
4416488480 4366748485 5936180041 7539862923 9615170493
4046581863 4936219326 5583528203 6743271586 7542133173
4295831863 4875268550 6671158925 7764366610 7398362951
5361739421 6451640410 5918847373 6861111075 8918387828
3784486583 5575706618 7255754657 9365561813 8201553001
4057450116 3909952421 6101548738 7427807255 9939299184
5800743107 4765776512 6294179909 8720697270 7471833751
3251288512 6309016632 5360335897 6426070320 9878320985
3126228376 5668636891 6353077257 7313263255 9030711090
3185095667 5432383659 6101070226 7598251932 7943260426
5498508247 3825276827 8029121602 6376491680 9732694306
3700270815 5821152499 6177530798 9596543042 7558925872
3874500484 4758689695 7323233671 6588471803 9846021247
3314373306 4753079816 5404302161 7866137804 7600274514
3302615426 4832214634 5299961952 6578258776 9234025423
4636110480 4573091851 5165479116 9645535877 7755851288
3218436394 6149733286 6167090558 6099336315 9738644365
6606620218 3834298307 7569321499 7667646758 6212852333
3215063390 7400663394 4732938703 8612100435 8281602331
5106443647 4675516976 7852495710 4789115452 9534111246
6554306160 5993504793 6067896219 8041486737 5883007383
5413146362 7142365690 6435707411 6076240452 9428405134
3548005367 7285039879 8308656496 6468259948 7798234946
4738991321 3574832556 8507802533 8310718298 9067300712
3331799421 5534918040 5814839135 9617575855 9931175492
3075574288 4515635593 6261938839 9516717767 9838458449
5086440672 4645027900 5967789972 7053987409 9896457703
3481560613 6261499211 7220875096 7389846015 9757832554
3338244200 3572342378 7869643040 9203187532 9234951844
3508716901 4079845670 5780828863 8555584903 9674897278
3001386174 4136362420 4549931330 6812890151 9459857897
3236724664 3364830579 6313290658 6598153948 7669353825
3857657206 3574835691 5527140364 6724879313 8488709780
4161278477 4281150373 4199522795 5927994545 7096306731
3002144111 4949957902 4496579461 8108494712 7480990157
3605358909 5617462724 6987458195 4542599687 9804040442
5809934931 4367884472 6406026992 8327563531 5844536303
3673662237 6279754898 5270527579 7637382615 8389735509
3891582514 4082010926 8585527531 6893437090 9239788341
3135149524 5111967051 4265719156 9794995319 7676877231
3149647697 4471798265 6311689577 7469789072 9873036007
4362946217 3662773968 5099713039 8604934057 9895307544
5186913430 5692889023 6964169642 7775200264 9270389145
3052984429 5711688464 6175945520 8721833943 8398852591
4050560893 4849698963 5898581514 6792651982 8976759255
3096924616 5107390428 5043298849 6328997873 6901408102
4749203303 5185861822 7572183657 5252365470 8365656094
4024187831 5006287857 6373242130 8464277840 7703576047
3203705729 7037812188 5845568134 7261550679 8706646109
6150242329 5424375995 8483671384 6303788655 7513727425
3152966696 6872789169 5449562788 9233017090 8096015516
4055084046 4680613601 7397451145 6022862232 9535653760
4064364724 4354573716 5819498672 8086281959 7625142552
4381325591 5198368053 4783460881 5924496804 8257702031
4855967688 5317100442 7506076524 6576959080 7733990376
3972642746 6127989105 8515576484 7749657691 7593347365
3727960602 5954646497 6656453488 8543174884 7844147520
4142420765 4399936520 6227765870 6872892732 8828501953
4584850923 6960346145 6342211517 7909177539 8355331655
3166561808 4896281548 7083308675 7391245206 9104247426
3751105345 3337462779 4993832763 7315426852 8231362238
3411960256 4145375052 6322156069 5992142105 8584746946
3151652765 5717269710 4805517180 6377499755 7556017195
4312642032 3639994627 7398850138 7963814351 7864410030
5325213596 5447762686 4609568563 8973081926 8674548989
3933500717 5919566339 6049840435 5612270247 9340334319
5975902893 5261701137 6329421456 6232562995 5948780543
4405670589 7833880981 5368817290 7067354657 6784757680
3331033742 5298132273 8311178912 8917055671 8705206619
4282332954 3722230839 6334709954 8977723316 9426389222
3143869147 5143807369 4562234634 8440025759 9053240786
3527670674 3355106364 8720526820 5575859506 9784248166
4743457676 3616055730 4072479909 8941764105 9701041958
3380662208 5999109884 5879551652 7801407670 9712925992
3809506199 4059110755 7032946801 7388670281 9751296347
3315523324 4274911244 5392610582 7456610472 8198083229
3847350974 5184181290 6085395548 6100872306 8958874268
4230319527 5454392009 7449715815 6766863793 7604220983
4759835559 4273618786 7255480576 9561282321 9887016918
3442711318 4931675946 4852661804 8085122344 9997271218
3864978212 4033589789 5140299767 5809277440 9593505798
3998668962 5008737308 5635192092 5967186903 9563771919
4613829910 5622302039 8239153733 6539062034 7562071910
3657075294 4922267118 6763821322 8398418663 7616496978
3470889906 7101637101 7092191551 9322976606 8591424576
3132959708 3848296444 7687603879 8878820129 9787478837
5038651492 5580473343 7489010814 8411012066 9829093979
3356775563 5843491494 8767682579 7921029960 9652855483
4562908029 4370394855 6067559707 9355463103 8962579735
3535673159 5212502030 8144126921 7026041166 9374731896
3135406280 4823026139 5273499981 9497187215 9488771055
3097993890 3491502535 7362709330 7303184711 9735235137
3435426485 3152572654 4013190189 7731349005 9462349244
7129670837 5806290627 4599584211 4160769533 7999475237
3199639031 7721345931 7424283396 7463366304 8569188233
5838761393 4512569942 7894522748 7512540716 8855880637
6847514124 6693426720 5273193924 9473917495 9154105431
4571393387 6862270792 7174554190 7726819715 9895207036
3169733249 5254247835 7533953640 7508306045 9599791280
3776995033 3337651826 7417660034 9471115604 9039867207
5099296181 5620184390 4488299396 8215212285 9891303314
3158968125 5552618274 5665277398 7860123597 9905625090
4504393712 3238175189 6325379065 8852774761 7978642535
3252037314 6064586505 4215460291 8835246551 9503190358
3887503790 3779899066 7661340793 5239624698 9692495162
4261677727 4742134632 7832083824 7942400776 8517347455
4758362808 5986439419 6317588439 8745028360 9184946096
3558561529 5591657450 7459405385 8689010953 9311846783
3962553672 3819660464 7633973596 8062632558 9118394113
3439495374 4711904641 4098634762 8055304029 8787769748
3851308214 5377130591 4971119404 6739177334 8876163830
3044777683 4600218856 6583303193 5132927795 8313791211
3510382737 3521082965 4839780351 7603218429 6254008129
3691566369 5913460377 5885324803 5990165497 9889821806
3070516337 8325512515 7123130214 7330499614 6653734150
4741058240 6472653978 8370014578 8531262360 9391163209
3120558732 5588647597 7983215423 9378821357 8576485007
3354547982 3744169117 5902468584 8523755244 9995451035
4929505329 6731011053 4706055432 6441792419 9669678146
3852752715 5054317599 7486290609 8400174863 7295104196
5456340647 5311608941 6727558524 8946424702 8535612844
6413171791 5671133457 5919423844 7115927841 9519653148
6300535495 6620764391 6337894541 8008551584 8482212295
4197850061 6720275191 8021606244 7606771689 9445122044
3165227759 6040299206 7252995977 8574414766 9995979297
4601188585 6528666210 6383877183 8885428779 9011760576
4255732752 7240215993 6757382287 7030814287 9925319704
3565496195 4387449880 8191124935 8881858042 7515325377
3008360078 5705764072 5377131432 9146340424 9169844887
5404717334 3285569948 7212136537 8135193361 9772980134
5355702160 6834443196 3896585968 8010665401 8177241422
5898751244 7095208667 7108130695 8266000635 9418651265
7001256006 6983742109 7270410560 8537444394 9970207544
3510355904 8419531433 8174383344 7862410133 9234769850
3019217021 5382846617 8777146355 8590548284 9340285257
5911738358 4823584628 7109175978 9429109822 9729438247
3638378203 6037597146 4839044080 7352681810 9870214070
3840952788 7694795254 8022090209 6828538151 9085673246
4049445900 7432761147 8251358625 8246183956 9550458662
3107202218 4665597714 7871208493 8746134244 9363350733
3129348533 4354323206 5526416910 9891657387 9809094795
3456896856 4230713754 6273403118 6976364315 9977799989
4279620643 6179020063 4689487188 7296227490 7694386556
3817343823 4321414564 6374679350 7615501768 9840359576
6168521656 7056430642 6806108111 6469878861 8602674505
5843811785 7935707128 8203333619 7075724914 7385529360
3618142161 6553733120 7970964524 9523576678 8811226290
4942465725 5624254548 7663792280 8169700986 9567301865
7009251488 6827761709 6700932986 9348112137 9429546968
3525968850 7538309652 6835891275 7793897085 9991500303
3361901657 6087284662 7918052392 7776173582 9649807402
3598070704 5838126141 7026281252 8066243593 9913574361
4836765194 5563844108 5880683719 7285028056 9844903259
3908609839 5089303354 6061027286 8596517292 9782521718
4018225335 4680960315 5278144313 7353639149 9249016382
3798667414 5871493499 6274661804 6429786982 8459218142
3638489551 3805932817 5909920291 8403985863 9978873664
5733401170 7100797681 8171968934 9058077093 9946849955
3574056415 7741236688 7259385526 8533002594 9932038634
4026935880 3655860989 7907118168 7443724069 8941529366
3464167865 4123606497 4894618231 9169096912 8644332410
3262905241 3889719653 4740291356 6597139677 9655695835
3679506175 6534132508 7670621550 8537911246 8896892281
3591697540 4924355916 7086066896 8791471475 9933440243
3131533055 3698271545 6584634464 7305728812 9071018333
3332678269 3333760743 6513124607 7757566308 9005711938
3236838855 3564247950 5319647412 7710298993 8215369935
5824860116 3420662215 3669396005 6677676362 9330773208
3715637574 7131699814 4298317297 8185061981 6861069800
4242651409 5878573971 8653233168 7847264229 8600271206
3079958058 5859534780 8592660296 8832630713 9690940433
3675625952 4544469738 6120453715 9160608714 9232677348
5853580273 4294046817 5380059297 8706171851 9734263133
3073799009 6162656480 6315013905 5481996100 9603505894
3512324902 4616673105 6358419102 8126252793 9426081447
6124372243 3920033854 4858454359 8114196871 9801417055
3303492376 6355460245 5223849515 8463169449 8971537640
3487159420 4718909356 6581454629 6714298999 9155024985
3328394688 5518043755 5747318228 7187950419 8507612273
3843250653 6645186271 6584477295 8693845432 9645686788
5851954430 4038580444 7067774996 7033485497 9160608272
3064377277 5887822696 4779306518 7285339386 8971154413
3802733103 4470098430 8281482126 5127730553 9860403572
3876196599 6653485716 4921775059 8771593553 5526679309
3804230589 6329061641 7412338873 7952797271 9154826308
4243557212 5540535312 6518341244 7680274382 9178516301
3953117335 4643611204 6084848636 7467961021 9817946340
3532313657 4204404205 5358219963 7959484434 9256939967
4303517580 4602191083 5646228631 5386299044 9267401566
3128141657 4434963065 5462004433 7928495948 7360366307
4944165539 4082891456 7030489326 6198681632 8529377750
3410837855 4982603601 4443863147 7057882778 6519678108
3218509330 5933341164 5834612485 8373537365 9545120092
4389916767 3759397288 8623971132 8526510327 9853438875
7224000526 4838865095 5344849055 8966991534 9549699346
5530104204 7710639901 7839469698 6421912293 9601196536
3024845247 7008872457 7832697157 7954541567 7643564340
4351636684 3351810140 8104247345 9297880959 9692909823
6694361528 5126084058 5943126959 8136031796 9723674657
3672950320 7404274746 7779073421 9104106455 8594121497
6761360936 4031493469 7963844574 9713016302 9965157291
6087461243 7127746585 4310261318 8345132929 9802399256
3418234432 7382922998 7326377917 9250888140 9977374733
4293993351 4020824972 7514186873 8514037664 9688350443
3117463567 7104041666 4133465012 8229258449 9487718836
3399807710 4329957947 8835200218 8149795238 9178105349
3987745062 4869805038 6385767819 9408702885 8474973085
3271931317 4132680170 8203828428 7559465181 9527718002
3013144931 3310188818 4656659628 9242987887 9473281178
3035267756 5771373769 6115153279 7714824251 9608345177
3218843171 4906209479 8497322283 6143980837 8391825764
3099083327 3508415672 6341656323 8637981713 9084761619
5924585855 5372485782 3595177410 6768124500 9892686929
3012906901 6321749183 5897148813 5771764226 7259548482
4362376856 3794574966 6567345842 8225935343 9131564305
4016907116 4830209276 5307597824 7255877600 8796090936
4022884534 6108557611 5931363724 6329829460 7657923877
3706284315 4955681965 7176118859 7551650777 9361207087
4043419128 6083726099 5199095975 8471047580 8916874290
5122061624 4588913876 7875883050 7126873411 9497105808
4120346952 5422186851 7493019216 8103494106 9266255473
3198531852 4386644871 7731450612 9498473957 9741018635
4709387628 6079297799 6909930137 8206994042 9915729113
3061868267 4789002016 6656412620 7945317814 8281652442
3783852116 4925389030 5635890230 8148916020 9072483119
3594172419 5201816419 5709236889 5953699010 8996479545
3985274558 3980387714 5284671406 7373442559 6311118691
3341838031 4424663692 5136322429 6279499245 9418538223
4361287593 5211606844 4816566059 5516534410 8908849085
3290053798 4409595237 7841779088 8152969430 8324918734
4253772333 4931388582 8387480302 9026820094 9540660303
3310471430 6968785948 5724721581 8449574877 9384969529
4083838267 3318776066 7152083092 7976836725 8961508937
3540590624 8130976967 5900638357 8962046877 8356381070
3272813816 5052669506 8365054605 8160767009 9584179062
3851644028 3605113734 5164796590 8829926423 9350206014
3617196173 5322914560 4054282747 7529744007 9051303466
3261103385 4309652997 6166554603 4132861883 8135795280
3374387862 7889919218 8687400852 7487817255 7855285624
4318053028 3664129307 9185659813 9216724687 9729563548
3147144042 4457034016 5417887141 9754508372 9521800870
3758606985 5213690576 7014008214 5508340540 9766047506
5143522272 4461988401 5915707857 7755134866 9578572284
3067434093 6238303687 4841876961 6077567169 7761141849
5689065560 3682999872 6910112511 5485263882 9180388168
3423687318 5850003795 7096888926 7200322590 5850704383
4663215635 3856144291 7922723137 9154615504 7457408663
3927555291 7041173379 5728390035 8998888194 9802643969
3360943452 5020491314 7136192077 7006460491 9892536336
4734073579 6370805290 5063940699 7822223256 9874274641
3280345452 5053593058 7784680316 6985866531 8555573967
3873376179 3690552514 5595619807 8328769941 7975218476
3117220874 4733485145 5246887504 6285434955 8860715270
3819165989 3486512000 6079209754 6213779415 9858582614
3016016324 4026239030 3714639642 6229199408 8093399059
4171521293 4347115768 6373700160 3962130978 7295601966
3975536135 4839467342 5874396690 6824834604 7512440264
3871909149 4156068819 4925415842 7884292588 8487053056
3919799706 4586035633 6683056891 8554676784 9191344314
4616250690 4597409349 7837072529 8646092177 8732504801
3700920106 8486369797 6000077412 8673990199 8966361439
4028911748 5049288049 8744077033 6582447093 8895767121
3056605509 4338123944 5350471494 9620438514 6589906859
4718585967 4523271148 6156176904 7702451217 9869909313
4117837439 5594382055 4721719995 7538775255 7720295572
3142724530 5380887078 5599132513 5686454853 8747041575
3955789078 3932785697 7668267703 6968871090 6682204699
5910035332 4831442396 5831021498 7719568442 8774852243
3416467898 6953292348 6761911493 6728688570 9486987629
5821260321 4822210205 7481622559 7452256634 9166940416
4699339980 8218293993 6017119544 8160838510 9307935106
3046231980 7217584271 8745451326 7213870090 9623813966
3219514448 4165347496 8218939524 9527960159 8175002195
3187685220 5081813878 4442812310 8713513410 9543040012
3130179825 4744938294 6189999713 7818815393 9088565533
4709721427 3180048060 6905724355 7084421821 9446951938
3819225973 4918931394 4120714676 7965414710 9745060265
3868069436 7658034769 6654734263 7771650977 9127621449
7437563211 4615352869 7901490235 8898440961 8074880716
4341305865 7571218187 5929272192 8617934123 8899149928
5495472324 4427519945 8182014789 6389147113 9544817534
4986658507 5614555331 5050710130 8728010644 8555968785
3440095282 7683716850 5961394283 7185296827 9292178658
5330734180 6693660163 8701767468 8626338520 7673435260
5159831491 6934451009 8874267357 8769557933 9680441580
5550517576 5563361151 7180121531 9390509063 9694722234
4699283776 6307246614 7125668120 9271251828 9558279941
4145684607 5381125161 6567995316 8574779140 9428983847
3819066184 5019116657 5524425389 6730382687 9185572936
6849115490 5448184146 6489595033 5626783730 7671736189
3497554179 6956520401 5632546297 8321273759 9608408864
4410750120 4240441386 8487154671 6495986497 9929917398
3697024120 5477425422 5396346562 9167711705 9651033649
4492879656 4381476514 7943454067 6574776562 9945586393
3079788222 6177947832 7026344825 8642070427 8206858597
6447294122 3089249439 7134169341 8008202073 9759796503
5247375378 6752886105 3446805595 9134756559 8290126875
3976203945 7101632852 7074415363 4338263229 9570980381
5079542430 4522406349 8724934358 7240553324 7300719070
3610141377 7125281762 5153545208 8847479350 8008239976
4416716866 4081124998 8092599193 7404174345 9935928862
3528029910 4898391115 4924097094 8482262261 9642381977
4051609983 3773868888 5788190857 6038858711 8955195109
3286683740 4737161499 4352042280 8184344553 7296116828
3362857422 3342611832 5506527630 9064517530 9491993003
5072110425 5028901195 5719012679 5912176759 9874409542
3730282138 5380311329 6323808398 6290267615 9176653229
5258586375 3785074153 6070743214 8813927888 6568383215
4963571979 6377154683 5877974496 6103065927 9925109672
5198630231 5358207447 6579822196 8028041655 8006168942
4900696861 5415881392 6163945847 6927491301 8519411819
3470528661 5491761591 5952906364 6954450043 8274121412
6521566261 3594779862 6507540960 7350730181 8307127385
3282351867 8509437059 4661976903 8628479369 8820079564
5760340409 4389365416 8734423443 5814172742 8946688220
4529088616 6110559418 5236602610 8787834956 6554940554
4773920346 5140484373 7738416978 6484946294 9126186072
6175495970 7690576456 7507388002 8528427721 6681332133
4011504953 7370638997 8181987994 7938715910 9066733517
3117170164 5287308798 8760465974 9340464785 8682275782
5301308518 3187519212 7092460812 9621394609 9806431590
3145300053 6317324655 3693287410 8305104279 9728111081
3745885786 4537468605 9654053731 4336855731 8682864343
5598120552 8220705256 4737798933 9771987992 5106929247
3050265066 6761293815 9415517091 6031944073 9978955759
4547019011 5352936312 7853259186 9546954372 6641766516
3643716824 4933745738 5545592010 8364803433 9828199363
5094755162 4815412634 6159546691 7318911430 8460711077
3029631967 8637378610 5037938704 7065006637 7770238758
4746168766 5139159840 8890409015 5168634504 8350485035
3036234277 5098038068 6595982032 9680207050 5242262647
4305585752 4444606174 5826104783 8265807311 9826300113
3108950658 4531561868 4987887227 7892404270 8448837171
4333258368 3792052821 6433510217 7455278912 8934086408
3483499593 5765783519 4372723715 7209064668 8566444631
5475144123 4028605978 8512735237 4436621995 7251790637
3920817268 7093934078 7950940229 8655026308 5050142086
3035173070 4552810432 7687552586 8195753798 9902645173
4360794778 4533880711 5704364917 7912434238 8490961921
3220285420 5476937759 8609649419 6411509466 8895402885
3027693574 3446159826 5601189225 8745654389 6916830143
4038284575 4096184354 6068318002 6237514146 9149058820
3517153173 5126005568 5812890215 6714274785 6252817129
3371533276 6887134984 5788014531 6561375180 6783439480
4107434696 3518041823 7763931066 9722672436 7447361708
6513755050 6448412533 5349119661 7770514317 9963248757
6107242326 7007187905 7563239825 7095106719 9709516265
3774193888 6951328637 7198761111 8201351029 9415597117
3265273308 5882270719 6951516220 8961240902 8209060420
4977645818 5343414093 6205359706 8003315781 9073496661
3008409535 5213646303 6223186642 7581516943 9967786589
6234584622 3992818182 5403277667 7534154151 7980681017
3850856105 6372571843 5961601774 6564188958 8562515776
3556454693 4363745489 6419756604 7102141108 7386845670
3956347736 5601430058 4804131198 7544879156 7988708429
4308637438 5471989761 7940755327 5648000119 9621467161
5381182801 5010836289 6388763655 9771706139 7472370051
3046241023 5975136032 7221766521 8622822623 9944641992
3382836334 3527414563 7723135672 8207556922 9248352413
3797340526 3873665137 4628427784 8647289598 9551515149
4526825271 5359184431 5081767025 5960155978 9594210658
4941518032 6033794012 6732308961 6589335131 6020638563
3084378846 4952592272 6272493901 6746913723 8219054654
5756194154 5418764540 8242687743 6298304335 8690359443
4107039431 8319226318 8167491436 8782736741 6418487918
3173910541 4333744288 8495930022 8435070697 9405209551
4344318236 5770156210 7370899010 9635223009 8642253011
3664603182 5401148280 7720185978 7801574544 9683178203
3058758052 7818964641 6263092367 7742709550 9678892630
5069124945 3583161475 8970100611 8918305978 9630719977
3222756994 5450847365 3791305829 9739700788 9166709107
5249764827 3499844718 7797268529 6769193793 9972325434
6990327411 5527141131 3803213504 9159899685 7839015111
4861887032 8739855351 6334533056 4487042420 9196298297
3847497402 6648080780 9611863900 6359552046 4950392535
4240335219 6319377799 6972823472 9742173341 8921428121
3768415496 4716589198 7983356604 8149597021 9955348460
4152231664 4026588499 5214243579 9211649019 8265122316
3158067541 4518560255 6079390579 7428924625 9595881537
4637112617 3451543728 6291119563 6428122260 8287221667
4155621572 5749884471 5996405006 8313978783 7724718482
4245752706 5521301122 5885170361 9006817469 8747705746
4094117024 6345150928 5772639298 7417545307 9079853547
5266599808 6135408011 8483402403 8873780500 8914455820
5144331505 6434417439 6241593574 9436549606 9829189473
3230419310 5363570879 6772574995 7784052368 9615094126
4418382600 5056244957 5981681871 7330340480 8152160987
3204837774 7808143815 5700027212 8937737281 9785320593
4026035102 3984056122 8398585160 6894980690 9009682724
4886699409 5134792995 4033399021 8778765473 9589524096
3635628972 5229591190 6286726046 7216134570 9233120168
3549035072 3957085277 5553585029 6885982605 9688035597
3647740726 4809845925 4526173629 6487846402 9592023381
3314472231 6186800989 5039666053 4885687241 6560981478
4163531026 4196016572 7109114523 6344598724 6841192202
5883538440 4520325991 4414762945 7314971663 9265313752
4002866895 5898993473 7763939319 7449686834 9822181385
3472859433 4826176897 6690795651 8136653000 9689302536
3004883528 4146160751 5116486071 7988564318 9996208023
4021700433 3438812174 6197331481 5254766734 9527121690
3208995761 4252857147 4021795064 7118851711 7001756186
3035084645 5602144748 8460604354 4838612865 8444463595
4164574213 4347578378 6337360242 9335405314 5964741924
4412760249 6162411008 4891447375 8522194541 9586208184
3959811007 5885703907 6687269763 6207097824 8842283753
4765886266 4873276324 5936847043 7945662120 7046105917
3665177834 5005353364 7136042927 5970582375 8535108268
3036492133 4655944006 5532291811 7751265838 7639523330
4585743894 9075308153 5641646638 6140066218 7933911557
4089913979 6269231493 9354969149 6965114242 8578100814
7145322233 5233479862 9759860695 9735874392 8679381231
